<!DOCTYPE html PUBLIC "-//W3C//DTD XHTML 1.1//EN" "http://www.w3.org/TR/xhtml11/DTD/xhtml11.dtd">
<html xmlns="http://www.w3.org/1999/xhtml">
<head>
<meta http-equiv="content-type" content="text/html; charset=UTF-8"/>
<title>TestNG Report</title>
<style type="text/css">table {margin-bottom:10px;border-collapse:collapse;empty-cells:show}th,td {border:1px solid #009;padding:.25em .5em}th {vertical-align:bottom}td {vertical-align:top}table a {font-weight:bold}.stripe td {background-color: #E6EBF9}.num {text-align:right}.passedodd td {background-color: #3F3}.passedeven td {background-color: #0A0}.skippedodd td {background-color: #DDD}.skippedeven td {background-color: #CCC}.failedodd td,.attn {background-color: #F33}.failedeven td,.stripe .attn {background-color: #D00}.stacktrace {white-space:pre;font-family:monospace}.totop {font-size:85%;text-align:center;border-bottom:2px solid #000}.invisible {display:none}</style>
</head>
<body>
<table>
<tr><th>Test</th><th># Passed</th><th># Skipped</th><th># Failed</th><th>Time (ms)</th><th>Included Groups</th><th>Excluded Groups</th></tr>
<tr><th colspan="7">Suite</th></tr>
<tr><td><a href="#t0">TC001Landing</a></td><td class="num">1</td><td class="num">0</td><td class="num">0</td><td class="num">319</td><td></td><td></td></tr>
<tr class="stripe"><td><a href="#t1">TC002Creatingaccount</a></td><td class="num">0</td><td class="num">0</td><td class="num attn">1</td><td class="num">11,921</td><td></td><td></td></tr>
<tr><td><a href="#t2">TC003SignIn</a></td><td class="num">1</td><td class="num">0</td><td class="num">0</td><td class="num">6,835</td><td></td><td></td></tr>
<tr class="stripe"><td><a href="#t3">TC004Logout</a></td><td class="num">0</td><td class="num">0</td><td class="num attn">1</td><td class="num">9,304</td><td></td><td></td></tr>
<tr><th>Total</th><th class="num">2</th><th class="num">0</th><th class="num attn">2</th><th class="num">28,379</th><th colspan="2"></th></tr>
</table>
<table id='summary'><thead><tr><th>Class</th><th>Method</th><th>Start</th><th>Time (ms)</th></tr></thead><tbody><tr><th colspan="4">Suite</th></tr></tbody><tbody id="t0"><tr><th colspan="4">TC001Landing &#8212; passed</th></tr><tr class="passedeven"><td rowspan="1">Testcase.TC001Landing</td><td><a href="#m0">Homepage</a></td><td rowspan="1">1637359595666</td><td rowspan="1">273</td></tr></tbody>
<tbody id="t1"><tr><th colspan="4">TC002Creatingaccount &#8212; failed</th></tr><tr class="failedeven"><td rowspan="1">Testcase.TC002Creatingaccount</td><td><a href="#m1">AccountCreation</a></td><td rowspan="1">1637359597388</td><td rowspan="1">11199</td></tr></tbody>
<tbody id="t2"><tr><th colspan="4">TC003SignIn &#8212; passed</th></tr><tr class="passedeven"><td rowspan="1">Testcase.TC003SignIn</td><td><a href="#m2">singin</a></td><td rowspan="1">1637359609449</td><td rowspan="1">6834</td></tr></tbody>
<tbody id="t3"><tr><th colspan="4">TC004Logout &#8212; failed</th></tr><tr class="failedeven"><td rowspan="1">Testcase.TC004Logout</td><td><a href="#m3">Loggingout</a></td><td rowspan="1">1637359616379</td><td rowspan="1">8878</td></tr></tbody>
</table>
<h2>TC001Landing</h2><h3 id="m0">Testcase.TC001Landing#Homepage</h3><table class="result"><tr><th class="invisible"/></tr></table><p class="totop"><a href="#summary">back to summary</a></p>
<h2>TC002Creatingaccount</h2><h3 id="m1">Testcase.TC002Creatingaccount#AccountCreation</h3><table class="result"><tr><th>Exception</th></tr><tr><td><div class="stacktrace">org.openqa.selenium.StaleElementReferenceException: stale element reference: element is not attached to the page document
  (Session info: chrome=96.0.4664.45)
For documentation on this error, please visit: https://www.seleniumhq.org/exceptions/stale_element_reference.html
Build info: version: &apos;3.141.59&apos;, revision: &apos;e82be7d358&apos;, time: &apos;2018-11-14T08:17:03&apos;
System info: host: &apos;SHANUDILIPSINGH&apos;, ip: &apos;10.0.0.50&apos;, os.name: &apos;Windows 10&apos;, os.arch: &apos;amd64&apos;, os.version: &apos;10.0&apos;, java.version: &apos;1.8.0_231&apos;
Driver info: org.openqa.selenium.chrome.ChromeDriver
Capabilities {acceptInsecureCerts: false, browserName: chrome, browserVersion: 96.0.4664.45, chrome: {chromedriverVersion: 95.0.4638.17 (a9d0719444d4b..., userDataDir: C:\Users\dilip\AppData\Loca...}, goog:chromeOptions: {debuggerAddress: localhost:57686}, javascriptEnabled: true, networkConnectionEnabled: false, pageLoadStrategy: normal, platform: WINDOWS, platformName: WINDOWS, proxy: Proxy(), setWindowRect: true, strictFileInteractability: false, timeouts: {implicit: 0, pageLoad: 300000, script: 30000}, unhandledPromptBehavior: dismiss and notify, webauthn:extension:credBlob: true, webauthn:extension:largeBlob: true, webauthn:virtualAuthenticators: true}
Session ID: 586509240c09d2ca8262a2d1e9ea5002
	at org.openqa.selenium.remote.http.W3CHttpResponseCodec.createException(W3CHttpResponseCodec.java:187)
	at org.openqa.selenium.remote.http.W3CHttpResponseCodec.decode(W3CHttpResponseCodec.java:122)
	at org.openqa.selenium.remote.http.W3CHttpResponseCodec.decode(W3CHttpResponseCodec.java:49)
	at org.openqa.selenium.remote.HttpCommandExecutor.execute(HttpCommandExecutor.java:158)
	at org.openqa.selenium.remote.service.DriverCommandExecutor.execute(DriverCommandExecutor.java:83)
	at org.openqa.selenium.remote.RemoteWebDriver.execute(RemoteWebDriver.java:552)
	at org.openqa.selenium.remote.RemoteWebElement.execute(RemoteWebElement.java:285)
	at org.openqa.selenium.remote.RemoteWebElement.getText(RemoteWebElement.java:166)
	at Testcase.TC002Creatingaccount.AccountCreation(TC002Creatingaccount.java:39)
... Removed 33 stack frames</div></td></tr></table><p class="totop"><a href="#summary">back to summary</a></p>
<h2>TC003SignIn</h2><h3 id="m2">Testcase.TC003SignIn#singin</h3><table class="result"><tr><th class="invisible"/></tr></table><p class="totop"><a href="#summary">back to summary</a></p>
<h2>TC004Logout</h2><h3 id="m3">Testcase.TC004Logout#Loggingout</h3><table class="result"><tr><th>Exception</th></tr><tr><td><div class="stacktrace">java.lang.AssertionError: expected [Customer2 Login] but found [Customer Login]
	at Testcase.TC004Logout.Loggingout(TC004Logout.java:23)
... Removed 35 stack frames</div></td></tr></table><p class="totop"><a href="#summary">back to summary</a></p>
</body>
</html>
